==========================================
SLURM_JOB_ID = 5737255
SLURM_JOB_NODELIST = d23-15
TMPDIR = /tmp/SLURM_5737255
==========================================
========== SLURM JOB INFO ==========

The job will be started on the following node(s):
d23-15

Slurm User:         yachuanh
Run Directory:      /home1/yachuanh/overcooked_proj/overcooked_ai/overcooked_ai_rl
Job ID:             5737255
Job Name:           hrl-dqn-random-agent-multi-greedy
Partition:          gpu
Number of nodes:    1
Number of tasks:    1
Submitted From:     discovery1.usc.edu
Submit directory:   /home1/yachuanh/overcooked_proj/overcooked_ai/overcooked_ai_rl
Hostname:           d23-15.hpc.usc.edu

Dashboard Host:     |d23-15.hpc.usc.edu:8787|


========== Start ==========
Mon Aug 30 23:54:10 PDT 2021

========== Setup ==========
# conda environments:
#
floorplan                /home1/yachuanh/.conda/envs/floorplan
overcooked_ai         *  /home1/yachuanh/.conda/envs/overcooked_ai
rocus                    /home1/yachuanh/.conda/envs/rocus
base                     /spack/apps/anaconda3/2021.05


========== Starting Dask Python script ==========
pygame 2.0.1 (SDL 2.0.14, Python 3.7.9)
Hello from the pygame community. https://www.pygame.org/contribute.html
It took 90.16182041168213 seconds to create MediumLevelActionManager
It took 130.23858428001404 seconds to create MediumLevelActionManager
It took 4.4576499462127686 seconds to create MediumLevelActionManager
It took 12.865823984146118 seconds to create MediumLevelActionManager
It took 1.2076008319854736 seconds to create MediumLevelActionManager
It took 16.065325260162354 seconds to create MediumLevelActionManager
It took 0.9759023189544678 seconds to create MediumLevelActionManager
It took 6.6274120807647705 seconds to create MediumLevelActionManager
It took 46.98430633544922 seconds to create MediumLevelActionManager
slurmstepd: error: *** JOB 5737255 ON d23-15 CANCELLED AT 2021-08-31T00:10:51 ***
