==========================================
SLURM_JOB_ID = 5737363
SLURM_JOB_NODELIST = d13-03
TMPDIR = /tmp/SLURM_5737363
==========================================
========== SLURM JOB INFO ==========

The job will be started on the following node(s):
d13-03

Slurm User:         yachuanh
Run Directory:      /home1/yachuanh/overcooked_proj/overcooked_ai/overcooked_ai_rl
Job ID:             5737363
Job Name:           hrl-dqn-random-agent-multi-greedy
Partition:          gpu
Number of nodes:    1
Number of tasks:    1
Submitted From:     discovery1.usc.edu
Submit directory:   /home1/yachuanh/overcooked_proj/overcooked_ai/overcooked_ai_rl
Hostname:           d13-03.hpc.usc.edu

Dashboard Host:     |d13-03.hpc.usc.edu:8787|


========== Start ==========
Tue Aug 31 00:12:36 PDT 2021

========== Setup ==========
# conda environments:
#
floorplan                /home1/yachuanh/.conda/envs/floorplan
overcooked_ai         *  /home1/yachuanh/.conda/envs/overcooked_ai
rocus                    /home1/yachuanh/.conda/envs/rocus
base                     /spack/apps/anaconda3/2021.05


========== Starting Dask Python script ==========
pygame 2.0.1 (SDL 2.0.14, Python 3.7.9)
Hello from the pygame community. https://www.pygame.org/contribute.html
It took 118.11716294288635 seconds to create MediumLevelActionManager
It took 169.89914631843567 seconds to create MediumLevelActionManager
It took 5.198177337646484 seconds to create MediumLevelActionManager
It took 15.843741178512573 seconds to create MediumLevelActionManager
It took 1.376908779144287 seconds to create MediumLevelActionManager
It took 20.43529176712036 seconds to create MediumLevelActionManager
It took 1.3714911937713623 seconds to create MediumLevelActionManager
It took 7.840840816497803 seconds to create MediumLevelActionManager
It took 61.04817318916321 seconds to create MediumLevelActionManager
It took 166.71694493293762 seconds to create MediumLevelActionManager
It took 17.800485849380493 seconds to create MediumLevelActionManager
It took 326.6032032966614 seconds to create MediumLevelActionManager
It took 64.99842429161072 seconds to create MediumLevelActionManager
It took 93.717702627182 seconds to create MediumLevelActionManager
It took 40.563417196273804 seconds to create MediumLevelActionManager
It took 115.32252192497253 seconds to create MediumLevelActionManager
It took 172.40700578689575 seconds to create MediumLevelActionManager
It took 51.320327281951904 seconds to create MediumLevelActionManager
It took 268.14527225494385 seconds to create MediumLevelActionManager
It took 77.10171413421631 seconds to create MediumLevelActionManager
It took 41.7789843082428 seconds to create MediumLevelActionManager
It took 23.357862949371338 seconds to create MediumLevelActionManager
It took 30.00291156768799 seconds to create MediumLevelActionManager
It took 213.69393467903137 seconds to create MediumLevelActionManager
It took 156.3484263420105 seconds to create MediumLevelActionManager
It took 46.05291724205017 seconds to create MediumLevelActionManager
It took 107.91955065727234 seconds to create MediumLevelActionManager
It took 60.7804753780365 seconds to create MediumLevelActionManager
It took 40.520119190216064 seconds to create MediumLevelActionManager
It took 69.13029146194458 seconds to create MediumLevelActionManager
It took 16.90020227432251 seconds to create MediumLevelActionManager
It took 249.40632557868958 seconds to create MediumLevelActionManager
It took 103.11049771308899 seconds to create MediumLevelActionManager
It took 5.194698095321655 seconds to create MediumLevelActionManager
It took 81.77512192726135 seconds to create MediumLevelActionManager
It took 155.8896415233612 seconds to create MediumLevelActionManager
It took 44.84261870384216 seconds to create MediumLevelActionManager
It took 257.3830156326294 seconds to create MediumLevelActionManager
It took 7.76398777961731 seconds to create MediumLevelActionManager
It took 411.31319761276245 seconds to create MediumLevelActionManager
It took 170.36041927337646 seconds to create MediumLevelActionManager
It took 51.19372248649597 seconds to create MediumLevelActionManager
It took 112.82248330116272 seconds to create MediumLevelActionManager
It took 253.3350248336792 seconds to create MediumLevelActionManager
It took 275.41686844825745 seconds to create MediumLevelActionManager
It took 67.68889904022217 seconds to create MediumLevelActionManager
It took 9.143096446990967 seconds to create MediumLevelActionManager
It took 259.2588233947754 seconds to create MediumLevelActionManager
It took 166.8197901248932 seconds to create MediumLevelActionManager
It took 4.422286033630371 seconds to create MediumLevelActionManager
It took 94.8716230392456 seconds to create MediumLevelActionManager
It took 67.59259033203125 seconds to create MediumLevelActionManager
It took 61.690758228302 seconds to create MediumLevelActionManager
It took 99.13677668571472 seconds to create MediumLevelActionManager
It took 7.523661136627197 seconds to create MediumLevelActionManager
It took 28.651787281036377 seconds to create MediumLevelActionManager
It took 23.52997064590454 seconds to create MediumLevelActionManager
It took 40.337183237075806 seconds to create MediumLevelActionManager
It took 11.37530255317688 seconds to create MediumLevelActionManager
It took 54.00450587272644 seconds to create MediumLevelActionManager
It took 58.52894306182861 seconds to create MediumLevelActionManager
It took 10.39896035194397 seconds to create MediumLevelActionManager
It took 181.7805106639862 seconds to create MediumLevelActionManager
It took 172.76416277885437 seconds to create MediumLevelActionManager
It took 15.715822458267212 seconds to create MediumLevelActionManager
It took 59.995766162872314 seconds to create MediumLevelActionManager
It took 129.72310400009155 seconds to create MediumLevelActionManager
It took 80.5031270980835 seconds to create MediumLevelActionManager
It took 11.085062742233276 seconds to create MediumLevelActionManager
It took 321.3462028503418 seconds to create MediumLevelActionManager
It took 59.98448586463928 seconds to create MediumLevelActionManager
It took 205.26515364646912 seconds to create MediumLevelActionManager
It took 41.55201482772827 seconds to create MediumLevelActionManager
It took 23.164586544036865 seconds to create MediumLevelActionManager
It took 292.7747371196747 seconds to create MediumLevelActionManager
It took 22.996745347976685 seconds to create MediumLevelActionManager
It took 46.35336232185364 seconds to create MediumLevelActionManager
It took 107.89154195785522 seconds to create MediumLevelActionManager
It took 46.39776396751404 seconds to create MediumLevelActionManager
It took 181.27435994148254 seconds to create MediumLevelActionManager
It took 59.07475757598877 seconds to create MediumLevelActionManager
It took 108.17738199234009 seconds to create MediumLevelActionManager
It took 22.99284338951111 seconds to create MediumLevelActionManager
It took 292.65752243995667 seconds to create MediumLevelActionManager
It took 114.71638011932373 seconds to create MediumLevelActionManager
It took 30.03553056716919 seconds to create MediumLevelActionManager
It took 17.307565927505493 seconds to create MediumLevelActionManager
It took 15.740722179412842 seconds to create MediumLevelActionManager
It took 10.405690431594849 seconds to create MediumLevelActionManager
It took 40.45933818817139 seconds to create MediumLevelActionManager
It took 11.03027892112732 seconds to create MediumLevelActionManager
It took 80.55791735649109 seconds to create MediumLevelActionManager
It took 411.6259825229645 seconds to create MediumLevelActionManager
It took 51.224515199661255 seconds to create MediumLevelActionManager
It took 60.72771453857422 seconds to create MediumLevelActionManager
It took 169.2172863483429 seconds to create MediumLevelActionManager
It took 259.23807311058044 seconds to create MediumLevelActionManager
It took 41.6812949180603 seconds to create MediumLevelActionManager
It took 28.68781304359436 seconds to create MediumLevelActionManager
It took 169.97462463378906 seconds to create MediumLevelActionManager
It took 41.696209192276 seconds to create MediumLevelActionManager
It took 275.2896800041199 seconds to create MediumLevelActionManager
It took 259.1024663448334 seconds to create MediumLevelActionManager
It took 318.0753667354584 seconds to create MediumLevelActionManager
It took 203.37435865402222 seconds to create MediumLevelActionManager
It took 5.166212797164917 seconds to create MediumLevelActionManager
It took 249.465500831604 seconds to create MediumLevelActionManager
It took 291.08701515197754 seconds to create MediumLevelActionManager
It took 275.37739157676697 seconds to create MediumLevelActionManager
It took 69.20668649673462 seconds to create MediumLevelActionManager
It took 103.12885665893555 seconds to create MediumLevelActionManager
It took 156.04038405418396 seconds to create MediumLevelActionManager
It took 1.095491647720337 seconds to create MediumLevelActionManager
It took 1.3677482604980469 seconds to create MediumLevelActionManager
It took 17.203044891357422 seconds to create MediumLevelActionManager
It took 81.85219264030457 seconds to create MediumLevelActionManager
It took 10.367206811904907 seconds to create MediumLevelActionManager
It took 253.558584690094 seconds to create MediumLevelActionManager
It took 10.391436100006104 seconds to create MediumLevelActionManager
It took 94.80383801460266 seconds to create MediumLevelActionManager
It took 16.856987476348877 seconds to create MediumLevelActionManager
It took 53.933666467666626 seconds to create MediumLevelActionManager
It took 61.577587366104126 seconds to create MediumLevelActionManager
It took 41.45899796485901 seconds to create MediumLevelActionManager
It took 166.58567690849304 seconds to create MediumLevelActionManager
It took 170.1944658756256 seconds to create MediumLevelActionManager
It took 4.422296047210693 seconds to create MediumLevelActionManager
It took 67.52878284454346 seconds to create MediumLevelActionManager
It took 46.31607627868652 seconds to create MediumLevelActionManager
It took 98.85008454322815 seconds to create MediumLevelActionManager
It took 41.524317502975464 seconds to create MediumLevelActionManager
It took 169.34478497505188 seconds to create MediumLevelActionManager
It took 181.40487837791443 seconds to create MediumLevelActionManager
It took 40.32996678352356 seconds to create MediumLevelActionManager
It took 129.5787923336029 seconds to create MediumLevelActionManager
It took 58.9582085609436 seconds to create MediumLevelActionManager
It took 62.69274878501892 seconds to create MediumLevelActionManager
It took 259.2236409187317 seconds to create MediumLevelActionManager
It took 40.29077339172363 seconds to create MediumLevelActionManager
It took 98.92868256568909 seconds to create MediumLevelActionManager
It took 15.760321378707886 seconds to create MediumLevelActionManager
It took 291.2594196796417 seconds to create MediumLevelActionManager
It took 15.827101230621338 seconds to create MediumLevelActionManager
It took 40.374404191970825 seconds to create MediumLevelActionManager
It took 171.25277829170227 seconds to create MediumLevelActionManager
It took 320.8593096733093 seconds to create MediumLevelActionManager
It took 104.31844091415405 seconds to create MediumLevelActionManager
It took 110.33827590942383 seconds to create MediumLevelActionManager
It took 40.57789993286133 seconds to create MediumLevelActionManager
It took 54.13667821884155 seconds to create MediumLevelActionManager
It took 260.2134499549866 seconds to create MediumLevelActionManager
It took 108.35464525222778 seconds to create MediumLevelActionManager
It took 23.133811473846436 seconds to create MediumLevelActionManager
It took 167.039324760437 seconds to create MediumLevelActionManager
It took 17.415709495544434 seconds to create MediumLevelActionManager
It took 318.9261329174042 seconds to create MediumLevelActionManager
It took 7.590972661972046 seconds to create MediumLevelActionManager
It took 112.70456171035767 seconds to create MediumLevelActionManager
It took 7.8989715576171875 seconds to create MediumLevelActionManager
It took 69.81011962890625 seconds to create MediumLevelActionManager
It took 94.8992977142334 seconds to create MediumLevelActionManager
It took 99.28633666038513 seconds to create MediumLevelActionManager
It took 173.1330337524414 seconds to create MediumLevelActionManager
It took 169.58922791481018 seconds to create MediumLevelActionManager
It took 9.15682315826416 seconds to create MediumLevelActionManager
It took 275.59669041633606 seconds to create MediumLevelActionManager
It took 161.99127006530762 seconds to create MediumLevelActionManager
It took 203.93397450447083 seconds to create MediumLevelActionManager
It took 161.9979898929596 seconds to create MediumLevelActionManager
It took 90.66874122619629 seconds to create MediumLevelActionManager
It took 253.72441697120667 seconds to create MediumLevelActionManager
It took 156.12874484062195 seconds to create MediumLevelActionManager
It took 10.418947219848633 seconds to create MediumLevelActionManager
It took 10.454473733901978 seconds to create MediumLevelActionManager
It took 16.942814350128174 seconds to create MediumLevelActionManager
It took 46.424007415771484 seconds to create MediumLevelActionManager
It took 51.304680824279785 seconds to create MediumLevelActionManager
It took 51.22034788131714 seconds to create MediumLevelActionManager
It took 7.82906436920166 seconds to create MediumLevelActionManager
It took 166.27140045166016 seconds to create MediumLevelActionManager
It took 253.7948133945465 seconds to create MediumLevelActionManager
It took 67.9133026599884 seconds to create MediumLevelActionManager
It took 162.20109057426453 seconds to create MediumLevelActionManager
It took 4.4201812744140625 seconds to create MediumLevelActionManager
It took 114.05573725700378 seconds to create MediumLevelActionManager
It took 410.5751874446869 seconds to create MediumLevelActionManager
It took 167.23757362365723 seconds to create MediumLevelActionManager
It took 41.625261306762695 seconds to create MediumLevelActionManager
It took 23.41951608657837 seconds to create MediumLevelActionManager
It took 181.64377212524414 seconds to create MediumLevelActionManager
It took 45.09156823158264 seconds to create MediumLevelActionManager
It took 167.39967107772827 seconds to create MediumLevelActionManager
It took 58.88694190979004 seconds to create MediumLevelActionManager
It took 172.9252507686615 seconds to create MediumLevelActionManager
It took 114.72371244430542 seconds to create MediumLevelActionManager
It took 9.170624256134033 seconds to create MediumLevelActionManager
It took 51.43476700782776 seconds to create MediumLevelActionManager
It took 9.018670558929443 seconds to create MediumLevelActionManager
It took 104.03802871704102 seconds to create MediumLevelActionManager
It took 41.64997172355652 seconds to create MediumLevelActionManager
It took 59.986109018325806 seconds to create MediumLevelActionManager
It took 61.14708638191223 seconds to create MediumLevelActionManager
It took 322.777352809906 seconds to create MediumLevelActionManager
It took 68.06705379486084 seconds to create MediumLevelActionManager
It took 17.318564414978027 seconds to create MediumLevelActionManager
It took 76.8549656867981 seconds to create MediumLevelActionManager
It took 40.58269810676575 seconds to create MediumLevelActionManager
It took 166.50642895698547 seconds to create MediumLevelActionManager
It took 7.520367860794067 seconds to create MediumLevelActionManager
It took 5.196782112121582 seconds to create MediumLevelActionManager
It took 170.29712653160095 seconds to create MediumLevelActionManager
It took 212.85471749305725 seconds to create MediumLevelActionManager
It took 5.202136993408203 seconds to create MediumLevelActionManager
It took 129.91197609901428 seconds to create MediumLevelActionManager
It took 176.4024839401245 seconds to create MediumLevelActionManager
It took 205.95516967773438 seconds to create MediumLevelActionManager
It took 97.85344672203064 seconds to create MediumLevelActionManager
It took 58.33782148361206 seconds to create MediumLevelActionManager
It took 5.1470301151275635 seconds to create MediumLevelActionManager
It took 250.40360069274902 seconds to create MediumLevelActionManager
It took 1.1086065769195557 seconds to create MediumLevelActionManager
It took 108.66972351074219 seconds to create MediumLevelActionManager
It took 46.3183856010437 seconds to create MediumLevelActionManager
It took 173.03174948692322 seconds to create MediumLevelActionManager
It took 95.19124507904053 seconds to create MediumLevelActionManager
It took 5.2424540519714355 seconds to create MediumLevelActionManager
It took 173.86324000358582 seconds to create MediumLevelActionManager
It took 61.02535557746887 seconds to create MediumLevelActionManager
It took 170.58863472938538 seconds to create MediumLevelActionManager
It took 10.99803113937378 seconds to create MediumLevelActionManager
It took 30.08843231201172 seconds to create MediumLevelActionManager
It took 7.854051828384399 seconds to create MediumLevelActionManager
It took 17.444676637649536 seconds to create MediumLevelActionManager
It took 1.1081209182739258 seconds to create MediumLevelActionManager
It took 103.3778464794159 seconds to create MediumLevelActionManager
It took 68.33584451675415 seconds to create MediumLevelActionManager
It took 5.2622833251953125 seconds to create MediumLevelActionManager
It took 40.04352140426636 seconds to create MediumLevelActionManager
It took 23.08601140975952 seconds to create MediumLevelActionManager
It took 179.19531345367432 seconds to create MediumLevelActionManager
It took 276.5209901332855 seconds to create MediumLevelActionManager
It took 164.26840615272522 seconds to create MediumLevelActionManager
It took 166.4072847366333 seconds to create MediumLevelActionManager
It took 60.90914583206177 seconds to create MediumLevelActionManager
It took 5.192657947540283 seconds to create MediumLevelActionManager
It took 16.960506439208984 seconds to create MediumLevelActionManager
It took 275.0527424812317 seconds to create MediumLevelActionManager
It took 68.05544543266296 seconds to create MediumLevelActionManager
It took 167.337078332901 seconds to create MediumLevelActionManager
It took 60.050180196762085 seconds to create MediumLevelActionManager
It took 17.11826515197754 seconds to create MediumLevelActionManager
It took 40.368243932724 seconds to create MediumLevelActionManager
It took 7.755811929702759 seconds to create MediumLevelActionManager
It took 99.41755819320679 seconds to create MediumLevelActionManager
It took 261.27130222320557 seconds to create MediumLevelActionManager
It took 40.77086806297302 seconds to create MediumLevelActionManager
It took 61.88853120803833 seconds to create MediumLevelActionManager
It took 167.6988172531128 seconds to create MediumLevelActionManager
It took 28.97721576690674 seconds to create MediumLevelActionManager
It took 11.202326536178589 seconds to create MediumLevelActionManager
It took 276.1671521663666 seconds to create MediumLevelActionManager
It took 77.46717429161072 seconds to create MediumLevelActionManager
It took 322.1856906414032 seconds to create MediumLevelActionManager
It took 45.24060583114624 seconds to create MediumLevelActionManager
It took 181.9372639656067 seconds to create MediumLevelActionManager
It took 83.05890774726868 seconds to create MediumLevelActionManager
It took 60.663883209228516 seconds to create MediumLevelActionManager
It took 320.7152216434479 seconds to create MediumLevelActionManager
It took 5.2109291553497314 seconds to create MediumLevelActionManager
It took 82.21076703071594 seconds to create MediumLevelActionManager
It took 77.21504592895508 seconds to create MediumLevelActionManager
It took 90.94873404502869 seconds to create MediumLevelActionManager
It took 41.73226737976074 seconds to create MediumLevelActionManager
It took 40.725473165512085 seconds to create MediumLevelActionManager
It took 164.20365142822266 seconds to create MediumLevelActionManager
It took 176.96056842803955 seconds to create MediumLevelActionManager
It took 43.459073543548584 seconds to create MediumLevelActionManager
It took 11.360771894454956 seconds to create MediumLevelActionManager
It took 175.41765117645264 seconds to create MediumLevelActionManager
It took 17.67061495780945 seconds to create MediumLevelActionManager
It took 303.524973154068 seconds to create MediumLevelActionManager
It took 291.2249298095703 seconds to create MediumLevelActionManager
It took 70.72645163536072 seconds to create MediumLevelActionManager
It took 16.1154842376709 seconds to create MediumLevelActionManager
It took 82.55663228034973 seconds to create MediumLevelActionManager
It took 48.385799169540405 seconds to create MediumLevelActionManager
It took 173.81926584243774 seconds to create MediumLevelActionManager
It took 221.7100088596344 seconds to create MediumLevelActionManager
It took 41.217589378356934 seconds to create MediumLevelActionManager
It took 260.71704363822937 seconds to create MediumLevelActionManager
It took 61.18063998222351 seconds to create MediumLevelActionManager
It took 295.4960389137268 seconds to create MediumLevelActionManager
It took 73.18568444252014 seconds to create MediumLevelActionManager
It took 53.85743427276611 seconds to create MediumLevelActionManager
It took 18.161819458007812 seconds to create MediumLevelActionManager
It took 29.973851680755615 seconds to create MediumLevelActionManager
It took 85.51205611228943 seconds to create MediumLevelActionManager
It took 161.95136857032776 seconds to create MediumLevelActionManager
It took 56.7862651348114 seconds to create MediumLevelActionManager
It took 117.0501856803894 seconds to create MediumLevelActionManager
It took 261.4227454662323 seconds to create MediumLevelActionManager
It took 165.4268879890442 seconds to create MediumLevelActionManager
It took 62.47457456588745 seconds to create MediumLevelActionManager
It took 173.05458664894104 seconds to create MediumLevelActionManager
It took 328.4520945549011 seconds to create MediumLevelActionManager
It took 83.69368147850037 seconds to create MediumLevelActionManager
It took 23.883132696151733 seconds to create MediumLevelActionManager
It took 267.43553280830383 seconds to create MediumLevelActionManager
It took 24.2490496635437 seconds to create MediumLevelActionManager
It took 64.37242197990417 seconds to create MediumLevelActionManager
It took 53.72968363761902 seconds to create MediumLevelActionManager
It took 172.4061357975006 seconds to create MediumLevelActionManager
It took 24.34210205078125 seconds to create MediumLevelActionManager
It took 85.11503028869629 seconds to create MediumLevelActionManager
It took 163.11179065704346 seconds to create MediumLevelActionManager
It took 117.20277428627014 seconds to create MediumLevelActionManager
It took 30.74125361442566 seconds to create MediumLevelActionManager
It took 1.145827293395996 seconds to create MediumLevelActionManager
It took 219.14786434173584 seconds to create MediumLevelActionManager
It took 52.47006964683533 seconds to create MediumLevelActionManager
It took 116.14931535720825 seconds to create MediumLevelActionManager
It took 109.09540557861328 seconds to create MediumLevelActionManager
It took 256.622811794281 seconds to create MediumLevelActionManager
It took 23.589402437210083 seconds to create MediumLevelActionManager
It took 133.19690656661987 seconds to create MediumLevelActionManager
It took 82.6972177028656 seconds to create MediumLevelActionManager
It took 63.07204222679138 seconds to create MediumLevelActionManager
It took 69.74560713768005 seconds to create MediumLevelActionManager
It took 1.3715157508850098 seconds to create MediumLevelActionManager
It took 29.69843888282776 seconds to create MediumLevelActionManager
It took 53.24979114532471 seconds to create MediumLevelActionManager
It took 1.1145062446594238 seconds to create MediumLevelActionManager
It took 23.859461784362793 seconds to create MediumLevelActionManager
It took 264.3318660259247 seconds to create MediumLevelActionManager
It took 281.16258335113525 seconds to create MediumLevelActionManager
It took 8.370639085769653 seconds to create MediumLevelActionManager
It took 23.876200914382935 seconds to create MediumLevelActionManager
It took 5.250165939331055 seconds to create MediumLevelActionManager
It took 297.9006416797638 seconds to create MediumLevelActionManager
It took 39.83553409576416 seconds to create MediumLevelActionManager
It took 95.49714946746826 seconds to create MediumLevelActionManager
It took 24.31691002845764 seconds to create MediumLevelActionManager
It took 80.62516474723816 seconds to create MediumLevelActionManager
It took 333.73796033859253 seconds to create MediumLevelActionManager
It took 321.22335410118103 seconds to create MediumLevelActionManager
It took 17.533340215682983 seconds to create MediumLevelActionManager
It took 116.19687104225159 seconds to create MediumLevelActionManager
It took 9.666346311569214 seconds to create MediumLevelActionManager
It took 157.89327001571655 seconds to create MediumLevelActionManager
It took 118.26013731956482 seconds to create MediumLevelActionManager
It took 72.33152461051941 seconds to create MediumLevelActionManager
It took 119.35546159744263 seconds to create MediumLevelActionManager
It took 80.47754788398743 seconds to create MediumLevelActionManager
It took 261.1633198261261 seconds to create MediumLevelActionManager
It took 295.2205364704132 seconds to create MediumLevelActionManager
It took 25.36795973777771 seconds to create MediumLevelActionManager
It took 122.09230208396912 seconds to create MediumLevelActionManager
It took 42.90086030960083 seconds to create MediumLevelActionManager
It took 106.46232461929321 seconds to create MediumLevelActionManager
It took 139.04806637763977 seconds to create MediumLevelActionManager
It took 86.71578288078308 seconds to create MediumLevelActionManager
It took 12.297825336456299 seconds to create MediumLevelActionManager
It took 32.65294647216797 seconds to create MediumLevelActionManager
It took 17.09103488922119 seconds to create MediumLevelActionManager
It took 166.72407507896423 seconds to create MediumLevelActionManager
It took 266.6254618167877 seconds to create MediumLevelActionManager
It took 331.1206147670746 seconds to create MediumLevelActionManager
It took 262.5815598964691 seconds to create MediumLevelActionManager
It took 74.96284365653992 seconds to create MediumLevelActionManager
It took 195.24745154380798 seconds to create MediumLevelActionManager
It took 165.8297896385193 seconds to create MediumLevelActionManager
It took 10.622973203659058 seconds to create MediumLevelActionManager
It took 77.75902581214905 seconds to create MediumLevelActionManager
It took 60.65691518783569 seconds to create MediumLevelActionManager
It took 20.844380617141724 seconds to create MediumLevelActionManager
It took 72.82740712165833 seconds to create MediumLevelActionManager
It took 337.6622247695923 seconds to create MediumLevelActionManager
It took 42.19314765930176 seconds to create MediumLevelActionManager
It took 110.4905641078949 seconds to create MediumLevelActionManager
It took 171.76382040977478 seconds to create MediumLevelActionManager
It took 7.905778646469116 seconds to create MediumLevelActionManager
It took 174.632878780365 seconds to create MediumLevelActionManager
It took 16.144904613494873 seconds to create MediumLevelActionManager
It took 11.561259031295776 seconds to create MediumLevelActionManager
It took 327.79186725616455 seconds to create MediumLevelActionManager
It took 83.76740217208862 seconds to create MediumLevelActionManager
It took 251.8677487373352 seconds to create MediumLevelActionManager
It took 17.37047529220581 seconds to create MediumLevelActionManager
It took 52.94507455825806 seconds to create MediumLevelActionManager
It took 24.20189881324768 seconds to create MediumLevelActionManager
It took 28.899774312973022 seconds to create MediumLevelActionManager
It took 261.4446482658386 seconds to create MediumLevelActionManager
It took 64.00247764587402 seconds to create MediumLevelActionManager
It took 24.877309799194336 seconds to create MediumLevelActionManager
It took 160.05794048309326 seconds to create MediumLevelActionManager
It took 100.67305827140808 seconds to create MediumLevelActionManager
It took 32.06126427650452 seconds to create MediumLevelActionManager
It took 268.63423705101013 seconds to create MediumLevelActionManager
It took 70.98503589630127 seconds to create MediumLevelActionManager
It took 83.73534607887268 seconds to create MediumLevelActionManager
It took 62.22697877883911 seconds to create MediumLevelActionManager
It took 133.0117790699005 seconds to create MediumLevelActionManager
It took 160.27073335647583 seconds to create MediumLevelActionManager
It took 416.8953049182892 seconds to create MediumLevelActionManager
It took 5.419155120849609 seconds to create MediumLevelActionManager
It took 23.8646981716156 seconds to create MediumLevelActionManager
It took 279.9376919269562 seconds to create MediumLevelActionManager
It took 156.46907687187195 seconds to create MediumLevelActionManager
It took 104.79628038406372 seconds to create MediumLevelActionManager
It took 109.02735829353333 seconds to create MediumLevelActionManager
It took 73.2699019908905 seconds to create MediumLevelActionManager
It took 71.18751001358032 seconds to create MediumLevelActionManager
It took 21.454495429992676 seconds to create MediumLevelActionManager
It took 44.19063663482666 seconds to create MediumLevelActionManager
It took 54.30673122406006 seconds to create MediumLevelActionManager
It took 1.1864278316497803 seconds to create MediumLevelActionManager
It took 21.015358924865723 seconds to create MediumLevelActionManager
It took 12.993723630905151 seconds to create MediumLevelActionManager
It took 1.2379605770111084 seconds to create MediumLevelActionManager
It took 8.253302335739136 seconds to create MediumLevelActionManager
It took 297.1183536052704 seconds to create MediumLevelActionManager
It took 47.528048515319824 seconds to create MediumLevelActionManager
It took 333.36747670173645 seconds to create MediumLevelActionManager
It took 7.898488759994507 seconds to create MediumLevelActionManager
It took 5.5291523933410645 seconds to create MediumLevelActionManager
It took 62.37653613090515 seconds to create MediumLevelActionManager
It took 171.49585151672363 seconds to create MediumLevelActionManager
It took 4.897553205490112 seconds to create MediumLevelActionManager
It took 11.420503616333008 seconds to create MediumLevelActionManager
It took 65.38807153701782 seconds to create MediumLevelActionManager
It took 30.504087209701538 seconds to create MediumLevelActionManager
It took 67.00847864151001 seconds to create MediumLevelActionManager
It took 65.82105731964111 seconds to create MediumLevelActionManager
It took 44.556130170822144 seconds to create MediumLevelActionManager
It took 9.961768865585327 seconds to create MediumLevelActionManager
It took 71.87942123413086 seconds to create MediumLevelActionManager
It took 159.19877862930298 seconds to create MediumLevelActionManager
It took 1.4220070838928223 seconds to create MediumLevelActionManager
It took 115.79343962669373 seconds to create MediumLevelActionManager
It took 415.30541229248047 seconds to create MediumLevelActionManager
It took 170.69161701202393 seconds to create MediumLevelActionManager
It took 47.95139670372009 seconds to create MediumLevelActionManager
It took 261.6589422225952 seconds to create MediumLevelActionManager
It took 117.5805037021637 seconds to create MediumLevelActionManager
It took 85.00631904602051 seconds to create MediumLevelActionManager
It took 180.11833095550537 seconds to create MediumLevelActionManager
It took 20.73789095878601 seconds to create MediumLevelActionManager
It took 262.8665156364441 seconds to create MediumLevelActionManager
It took 172.98377299308777 seconds to create MediumLevelActionManager
It took 169.86941695213318 seconds to create MediumLevelActionManager
It took 10.955304622650146 seconds to create MediumLevelActionManager
It took 117.36415410041809 seconds to create MediumLevelActionManager
It took 29.147581815719604 seconds to create MediumLevelActionManager
It took 214.21328830718994 seconds to create MediumLevelActionManager
It took 30.940657377243042 seconds to create MediumLevelActionManager
It took 24.435491800308228 seconds to create MediumLevelActionManager
It took 51.64855909347534 seconds to create MediumLevelActionManager
It took 68.33463644981384 seconds to create MediumLevelActionManager
It took 7.934672832489014 seconds to create MediumLevelActionManager
It took 40.24715232849121 seconds to create MediumLevelActionManager
It took 254.15155124664307 seconds to create MediumLevelActionManager
It took 109.0849392414093 seconds to create MediumLevelActionManager
It took 54.47639727592468 seconds to create MediumLevelActionManager
It took 338.2262108325958 seconds to create MediumLevelActionManager
It took 24.903696060180664 seconds to create MediumLevelActionManager
It took 21.331209421157837 seconds to create MediumLevelActionManager
It took 428.9396941661835 seconds to create MediumLevelActionManager
It took 31.867130994796753 seconds to create MediumLevelActionManager
It took 117.08700156211853 seconds to create MediumLevelActionManager
It took 59.67716383934021 seconds to create MediumLevelActionManager
It took 41.947874546051025 seconds to create MediumLevelActionManager
It took 9.2279212474823 seconds to create MediumLevelActionManager
It took 60.02619910240173 seconds to create MediumLevelActionManager
It took 1.1366627216339111 seconds to create MediumLevelActionManager
It took 23.613558769226074 seconds to create MediumLevelActionManager
It took 62.87197685241699 seconds to create MediumLevelActionManager
It took 1.3615927696228027 seconds to create MediumLevelActionManager
It took 277.6253025531769 seconds to create MediumLevelActionManager
It took 24.51122212409973 seconds to create MediumLevelActionManager
It took 17.172684907913208 seconds to create MediumLevelActionManager
It took 55.535691022872925 seconds to create MediumLevelActionManager
It took 1.442931890487671 seconds to create MediumLevelActionManager
It took 116.83934497833252 seconds to create MediumLevelActionManager
It took 42.24651646614075 seconds to create MediumLevelActionManager
It took 93.32936143875122 seconds to create MediumLevelActionManager
It took 113.62043309211731 seconds to create MediumLevelActionManager
It took 16.590668201446533 seconds to create MediumLevelActionManager
It took 116.8210756778717 seconds to create MediumLevelActionManager
It took 54.791290044784546 seconds to create MediumLevelActionManager
It took 52.05924344062805 seconds to create MediumLevelActionManager
It took 59.75256013870239 seconds to create MediumLevelActionManager
It took 28.911725521087646 seconds to create MediumLevelActionManager
It took 23.770939826965332 seconds to create MediumLevelActionManager
It took 11.156030893325806 seconds to create MediumLevelActionManager
It took 40.635313272476196 seconds to create MediumLevelActionManager
It took 58.89606547355652 seconds to create MediumLevelActionManager
It took 11.213107109069824 seconds to create MediumLevelActionManager
It took 115.2304174900055 seconds to create MediumLevelActionManager
It took 11.630977153778076 seconds to create MediumLevelActionManager
It took 59.767083406448364 seconds to create MediumLevelActionManager
It took 95.52739596366882 seconds to create MediumLevelActionManager
It took 63.328386545181274 seconds to create MediumLevelActionManager
It took 10.713871479034424 seconds to create MediumLevelActionManager
It took 285.0433497428894 seconds to create MediumLevelActionManager
It took 268.5317361354828 seconds to create MediumLevelActionManager
It took 11.0040922164917 seconds to create MediumLevelActionManager
It took 301.9460697174072 seconds to create MediumLevelActionManager
It took 64.76829314231873 seconds to create MediumLevelActionManager
It took 305.5757269859314 seconds to create MediumLevelActionManager
It took 74.68221306800842 seconds to create MediumLevelActionManager
It took 20.899767637252808 seconds to create MediumLevelActionManager
It took 136.47558045387268 seconds to create MediumLevelActionManager
It took 15.860873937606812 seconds to create MediumLevelActionManager
It took 73.6641137599945 seconds to create MediumLevelActionManager
It took 18.805349349975586 seconds to create MediumLevelActionManager
It took 24.973451137542725 seconds to create MediumLevelActionManager
It took 63.8076593875885 seconds to create MediumLevelActionManager
It took 16.43587064743042 seconds to create MediumLevelActionManager
It took 56.82220816612244 seconds to create MediumLevelActionManager
It took 71.0065405368805 seconds to create MediumLevelActionManager
It took 263.2539758682251 seconds to create MediumLevelActionManager
It took 1.4056012630462646 seconds to create MediumLevelActionManager
It took 41.35758686065674 seconds to create MediumLevelActionManager
It took 117.31150507926941 seconds to create MediumLevelActionManager
It took 118.96458792686462 seconds to create MediumLevelActionManager
It took 78.92019176483154 seconds to create MediumLevelActionManager
It took 5.236500024795532 seconds to create MediumLevelActionManager
It took 259.86219215393066 seconds to create MediumLevelActionManager
It took 17.876872777938843 seconds to create MediumLevelActionManager
It took 61.6382622718811 seconds to create MediumLevelActionManager
It took 20.769670486450195 seconds to create MediumLevelActionManager
It took 8.078386545181274 seconds to create MediumLevelActionManager
It took 264.33913946151733 seconds to create MediumLevelActionManager
It took 9.438098907470703 seconds to create MediumLevelActionManager
It took 45.01099467277527 seconds to create MediumLevelActionManager
It took 1.3179142475128174 seconds to create MediumLevelActionManager
It took 337.63807940483093 seconds to create MediumLevelActionManager
It took 64.50803732872009 seconds to create MediumLevelActionManager
It took 43.85167193412781 seconds to create MediumLevelActionManager
It took 85.04533076286316 seconds to create MediumLevelActionManager
It took 64.59525609016418 seconds to create MediumLevelActionManager
It took 31.58659267425537 seconds to create MediumLevelActionManager
It took 50.210585594177246 seconds to create MediumLevelActionManager
It took 88.9572024345398 seconds to create MediumLevelActionManager
It took 11.364441633224487 seconds to create MediumLevelActionManager
It took 115.71938586235046 seconds to create MediumLevelActionManager
It took 32.266148805618286 seconds to create MediumLevelActionManager
It took 307.5443241596222 seconds to create MediumLevelActionManager
It took 4.881932258605957 seconds to create MediumLevelActionManager
It took 115.98081064224243 seconds to create MediumLevelActionManager
It took 62.43232774734497 seconds to create MediumLevelActionManager
It took 157.3579339981079 seconds to create MediumLevelActionManager
It took 60.51495432853699 seconds to create MediumLevelActionManager
It took 93.23889803886414 seconds to create MediumLevelActionManager
It took 59.151341915130615 seconds to create MediumLevelActionManager
It took 8.304127931594849 seconds to create MediumLevelActionManager
It took 47.210187911987305 seconds to create MediumLevelActionManager
It took 190.6455020904541 seconds to create MediumLevelActionManager
It took 64.52987837791443 seconds to create MediumLevelActionManager
It took 6.032700061798096 seconds to create MediumLevelActionManager
It took 116.76298713684082 seconds to create MediumLevelActionManager
It took 9.22468876838684 seconds to create MediumLevelActionManager
It took 48.04989051818848 seconds to create MediumLevelActionManager
It took 69.17117547988892 seconds to create MediumLevelActionManager
It took 101.6100606918335 seconds to create MediumLevelActionManager
It took 59.913296699523926 seconds to create MediumLevelActionManager
slurmstepd: error: *** JOB 5737363 ON d13-03 CANCELLED AT 2021-09-02T00:12:47 DUE TO TIME LIMIT ***
