==========================================
SLURM_JOB_ID = 5645852
SLURM_JOB_NODELIST = e01-52
TMPDIR = /tmp/SLURM_5645852
==========================================
========== SLURM JOB INFO ==========

The job will be started on the following node(s):
e01-52

Slurm User:         yachuanh
Run Directory:      /home1/yachuanh/overcooked_proj/overcooked_ai/overcooked_ai_rl
Job ID:             5645852
Job Name:           hrl-dqn-random-agent-multi-env
Partition:          oneweek
Number of nodes:    1
Number of tasks:    1
Submitted From:     discovery2.hpc.usc.edu
Submit directory:   /home1/yachuanh/overcooked_proj/overcooked_ai/overcooked_ai_rl
Hostname:           e01-52.hpc.usc.edu

Dashboard Host:     |e01-52.hpc.usc.edu:8787|


========== Start ==========
Tue Aug 24 18:56:23 PDT 2021

========== Setup ==========
# conda environments:
#
floorplan                /home1/yachuanh/.conda/envs/floorplan
overcooked_ai         *  /home1/yachuanh/.conda/envs/overcooked_ai
rocus                    /home1/yachuanh/.conda/envs/rocus
base                     /spack/apps/anaconda3/2021.05


========== Starting Dask Python script ==========
pygame 2.0.1 (SDL 2.0.14, Python 3.7.9)
Hello from the pygame community. https://www.pygame.org/contribute.html
n_episode :1000, score : 0.1, n_buffer : 1790, eps : 45.0%
/home1/yachuanh/.conda/envs/overcooked_ai/lib/python3.7/site-packages/torch/autograd/__init__.py:132: UserWarning: CUDA initialization: Found no NVIDIA driver on your system. Please check that you have an NVIDIA GPU and installed a driver from http://www.nvidia.com/Download/index.aspx (Triggered internally at  /pytorch/c10/cuda/CUDAFunctions.cpp:100.)
  allow_unreachable=True)  # allow_unreachable flag
n_episode :2000, score : 0.5, n_buffer : 3939, eps : 40.0%
n_episode :3000, score : 2.0, n_buffer : 7293, eps : 35.0%
slurmstepd: error: *** JOB 5645852 ON e01-52 CANCELLED AT 2021-08-31T00:09:45 ***
